PlaneID	Status	Request Time	Runway Time	Turnaround Time
-------------------------------------------------------------------
1			D			0			4			4
2			L			0			2			2
3			D			4			12			8
4			L			4			6			2
5			D			5			14			9
6			L			5			8			3
7			D			6			20			14
8			L			6			10			4
9			D			12			26			14
10			L			12			16			4
11			D			14			28			14
12			L			14			18			4
13			D			18			34			16
14			L			18			22			4
15			D			20			36			16
16			L			20			24			4
17			D			27			38			11
18			L			27			30			3
19			D			28			40			12
20			L			28			32			4
21			D			31			46			15
22			L			31			42			11
23			D			33			50			17
24			L			33			48			15
25			D			35			54			19
26			L			35			52			17
27			D			37			58			21
28			L			37			56			19
29			D			38
30			L			38			60			22
31			D			40
32			E			40			44			4
33			D			42
34			L			42
35			D			43
36			L			43
37			D			49
38			L			49
39			D			53
40			L			53
41			D			56
42			L			56
